<?xml version="1.0" encoding="UTF-8"?>
<testng-results ignored="0" total="1" passed="1" failed="0" skipped="0">
  <reporter-output>
  </reporter-output>
  <suite started-at="2024-06-11T06:31:21Z" name="Default suite" finished-at="2024-06-11T06:31:28Z" duration-ms="7222">
    <groups>
    </groups>
    <test started-at="2024-06-11T06:31:21Z" name="Default test" finished-at="2024-06-11T06:31:28Z" duration-ms="7222">
      <class name="Locator.LocatorRelativeXpathAttribute">
        <test-method is-config="true" signature="starBrowser()[pri:0, instance:Locator.LocatorRelativeXpathAttribute@58ce9668]" started-at="2024-06-11T12:31:19Z" name="starBrowser" finished-at="2024-06-11T12:31:21Z" duration-ms="1857" status="PASS">
          <reporter-output>
          </reporter-output>
        </test-method> <!-- starBrowser -->
        <test-method signature="relatieXpath()[pri:0, instance:Locator.LocatorRelativeXpathAttribute@58ce9668]" started-at="2024-06-11T12:31:21Z" name="relatieXpath" finished-at="2024-06-11T12:31:28Z" duration-ms="7208" status="PASS">
          <reporter-output>
          </reporter-output>
        </test-method> <!-- relatieXpath -->
        <test-method is-config="true" signature="close()[pri:0, instance:Locator.LocatorRelativeXpathAttribute@58ce9668]" started-at="2024-06-11T12:31:28Z" name="close" finished-at="2024-06-11T12:31:28Z" duration-ms="84" status="PASS">
          <reporter-output>
          </reporter-output>
        </test-method> <!-- close -->
      </class> <!-- Locator.LocatorRelativeXpathAttribute -->
    </test> <!-- Default test -->
  </suite> <!-- Default suite -->
</testng-results>
