<?xml version="1.0" encoding="UTF-8"?>
<testng-results ignored="0" total="2" passed="2" failed="0" skipped="0">
  <reporter-output>
  </reporter-output>
  <suite started-at="2024-05-29T16:22:07Z" name="Default suite" finished-at="2024-05-29T16:22:32Z" duration-ms="25121">
    <groups>
    </groups>
    <test started-at="2024-05-29T16:22:07Z" name="Default test" finished-at="2024-05-29T16:22:32Z" duration-ms="25121">
      <class name="Locator.LocateByCssSelector">
        <test-method is-config="true" signature="starBrowser()[pri:0, instance:Locator.LocateByCssSelector@2421cc4]" started-at="2024-05-29T22:22:05Z" name="starBrowser" finished-at="2024-05-29T22:22:07Z" duration-ms="2394" status="PASS">
          <reporter-output>
          </reporter-output>
        </test-method> <!-- starBrowser -->
        <test-method is-config="true" signature="OpenURL()[pri:0, instance:Locator.LocateByCssSelector@2421cc4]" started-at="2024-05-29T22:22:07Z" name="OpenURL" finished-at="2024-05-29T22:22:21Z" duration-ms="14343" status="PASS">
          <reporter-output>
          </reporter-output>
        </test-method> <!-- OpenURL -->
        <test-method signature="locateByLinkText()[pri:1, instance:Locator.LocateByCssSelector@2421cc4]" started-at="2024-05-29T22:22:21Z" name="locateByLinkText" finished-at="2024-05-29T22:22:27Z" duration-ms="5377" status="PASS">
          <reporter-output>
          </reporter-output>
        </test-method> <!-- locateByLinkText -->
        <test-method signature="locateByCSSLocator()[pri:2, instance:Locator.LocateByCssSelector@2421cc4]" started-at="2024-05-29T22:22:27Z" name="locateByCSSLocator" finished-at="2024-05-29T22:22:32Z" duration-ms="5379" status="PASS">
          <reporter-output>
          </reporter-output>
        </test-method> <!-- locateByCSSLocator -->
        <test-method is-config="true" signature="close()[pri:0, instance:Locator.LocateByCssSelector@2421cc4]" started-at="2024-05-29T22:22:32Z" name="close" finished-at="2024-05-29T22:22:32Z" duration-ms="161" status="PASS">
          <reporter-output>
          </reporter-output>
        </test-method> <!-- close -->
      </class> <!-- Locator.LocateByCssSelector -->
    </test> <!-- Default test -->
  </suite> <!-- Default suite -->
</testng-results>
