<?xml version="1.0" encoding="UTF-8"?>
<!-- Generated by org.testng.reporters.JUnitReportReporter -->
<testsuite hostname="nikPC" failures="0" tests="3" name="Locator.LocateByidAttribute" time="10.422" errors="0" timestamp="08 Jul 2024 06:15:03 GMT" skipped="0">
  <testcase classname="Locator.LocateByidAttribute" name="locateByLinkText" time="5.297"/>
  <testcase classname="Locator.LocateByidAttribute" name="locateByName" time="0.068"/>
  <testcase classname="Locator.LocateByidAttribute" name="locateBYID" time="5.057"/>
</testsuite> <!-- Locator.LocateByidAttribute -->
