<?xml version="1.0" encoding="UTF-8"?>
<!-- Generated by org.testng.reporters.JUnitReportReporter -->
<testsuite hostname="nikPC" failures="0" tests="3" name="Locator.LocateByidAttribute" time="10.227" errors="0" timestamp="15 Jul 2024 10:29:10 GMT" skipped="0">
  <testcase classname="Locator.LocateByidAttribute" name="locateByLinkText" time="5.120"/>
  <testcase classname="Locator.LocateByidAttribute" name="locateByName" time="0.061"/>
  <testcase classname="Locator.LocateByidAttribute" name="locateBYID" time="5.046"/>
</testsuite> <!-- Locator.LocateByidAttribute -->
